c:\users\derp\documents\visual studio 2013\projects\project1\project1\release\vc120.pdb
c:\users\derp\documents\visual studio 2013\projects\project1\project1\release\myform.obj
c:\users\derp\documents\visual studio 2013\projects\project1\project1\release\.netframework,version=v4.5.2.assemblyattributes.obj
c:\users\derp\documents\visual studio 2013\projects\project1\release\project1.exe
c:\users\derp\documents\visual studio 2013\projects\project1\release\project1.pdb
c:\users\derp\documents\visual studio 2013\projects\project1\project1\release\project1.myform.resources
c:\users\derp\documents\visual studio 2013\projects\project1\project1\release\resource.res
c:\users\derp\documents\visual studio 2013\projects\project1\project1\release\project1.vcxproj.generateresource.cache
c:\users\derp\documents\visual studio 2013\projects\project1\project1\release\project1.tlog\cl.command.1.tlog
c:\users\derp\documents\visual studio 2013\projects\project1\project1\release\project1.tlog\cl.read.1.tlog
c:\users\derp\documents\visual studio 2013\projects\project1\project1\release\project1.tlog\cl.write.1.tlog
c:\users\derp\documents\visual studio 2013\projects\project1\project1\release\project1.tlog\link.command.1.tlog
c:\users\derp\documents\visual studio 2013\projects\project1\project1\release\project1.tlog\link.read.1.tlog
c:\users\derp\documents\visual studio 2013\projects\project1\project1\release\project1.tlog\link.write.1.tlog
c:\users\derp\documents\visual studio 2013\projects\project1\project1\release\project1.tlog\metagen.read.1.tlog
c:\users\derp\documents\visual studio 2013\projects\project1\project1\release\project1.tlog\metagen.write.1.tlog
c:\users\derp\documents\visual studio 2013\projects\project1\project1\release\project1.tlog\project1.write.1u.tlog
c:\users\derp\documents\visual studio 2013\projects\project1\project1\release\project1.tlog\rc.command.1.tlog
c:\users\derp\documents\visual studio 2013\projects\project1\project1\release\project1.tlog\rc.read.1.tlog
c:\users\derp\documents\visual studio 2013\projects\project1\project1\release\project1.tlog\rc.write.1.tlog
c:\users\derp\documents\visual studio 2013\projects\project1\project1\release\project1.tlog\tzres.dll.bi
